c:\users\whoami\source\repos\bypasscredguard\bypasscredguard\x64\debug\vc143.pdb
c:\users\whoami\source\repos\bypasscredguard\bypasscredguard\x64\debug\vc143.idb
c:\users\whoami\source\repos\bypasscredguard\bypasscredguard\x64\debug\utils.obj
c:\users\whoami\source\repos\bypasscredguard\bypasscredguard\x64\debug\process.obj
c:\users\whoami\source\repos\bypasscredguard\bypasscredguard\x64\debug\privilege.obj
c:\users\whoami\source\repos\bypasscredguard\bypasscredguard\x64\debug\memory.obj
c:\users\whoami\source\repos\bypasscredguard\bypasscredguard\x64\debug\lsa.obj
c:\users\whoami\source\repos\bypasscredguard\bypasscredguard\x64\debug\bypasscredguard.obj
c:\users\whoami\source\repos\bypasscredguard\bypasscredguard\x64\debug\bypasscredguard.ilk
c:\users\whoami\source\repos\bypasscredguard\x64\debug\bypasscredguard.exe
c:\users\whoami\source\repos\bypasscredguard\x64\debug\bypasscredguard.pdb
c:\users\whoami\desktop\bypasscredguard\bypasscredguard\x64\debug\bypasscredguard.obj
c:\users\whoami\desktop\bypasscredguard\bypasscredguard\x64\debug\lsa.obj
c:\users\whoami\desktop\bypasscredguard\bypasscredguard\x64\debug\memory.obj
c:\users\whoami\desktop\bypasscredguard\bypasscredguard\x64\debug\privilege.obj
c:\users\whoami\desktop\bypasscredguard\bypasscredguard\x64\debug\process.obj
c:\users\whoami\desktop\bypasscredguard\bypasscredguard\x64\debug\utils.obj
c:\users\whoami\desktop\bypasscredguard\bypasscredguard\x64\debug\bypasscredguard.ilk
c:\users\whoami\desktop\bypasscredguard\bypasscredguard\x64\debug\vc143.idb
c:\users\whoami\desktop\bypasscredguard\bypasscredguard\x64\debug\vc143.pdb
c:\users\whoami\desktop\bypasscredguard\bypasscredguard\x64\debug\bypasscredguard.tlog\cl.command.1.tlog
c:\users\whoami\desktop\bypasscredguard\bypasscredguard\x64\debug\bypasscredguard.tlog\cl.read.1.tlog
c:\users\whoami\desktop\bypasscredguard\bypasscredguard\x64\debug\bypasscredguard.tlog\cl.write.1.tlog
c:\users\whoami\desktop\bypasscredguard\bypasscredguard\x64\debug\bypasscredguard.tlog\link.command.1.tlog
c:\users\whoami\desktop\bypasscredguard\bypasscredguard\x64\debug\bypasscredguard.tlog\link.read.1.tlog
c:\users\whoami\desktop\bypasscredguard\bypasscredguard\x64\debug\bypasscredguard.tlog\link.write.1.tlog
